<?xml version="1.0" encoding="UTF-8"?>
<!-- Generated by org.testng.reporters.JUnitXMLReporter -->
<testsuite ignored="5" hostname="Ashwini" failures="0" tests="1" name="Default test" time="18.664" errors="0" timestamp="2022-08-03T15:19:38 IST">
  <testcase classname="com.vedha.seleniumprograms.BrowserLaunching" name="testImplicitWait" time="18.628"/>
  <testcase classname="com.vedha.seleniumprograms.BrowserLaunching" name="gmail" time="0.0">
    <ignored/>
  </testcase> <!-- gmail -->
  <testcase classname="com.vedha.seleniumprograms.BrowserLaunching" name="edge" time="0.0">
    <ignored/>
  </testcase> <!-- edge -->
  <testcase classname="com.vedha.seleniumprograms.BrowserLaunching" name="chromeSession" time="0.0">
    <ignored/>
  </testcase> <!-- chromeSession -->
  <testcase classname="com.vedha.seleniumprograms.BrowserLaunching" name="firFox" time="0.0">
    <ignored/>
  </testcase> <!-- firFox -->
  <testcase classname="com.vedha.seleniumprograms.BrowserLaunching" name="chromesession" time="0.0">
    <ignored/>
  </testcase> <!-- chromesession -->
</testsuite> <!-- Default test -->
