<?xml version="1.0" encoding="UTF-8"?>
<!-- Generated by org.testng.reporters.JUnitXMLReporter -->
<testsuite ignored="1" hostname="Ashwini" failures="0" tests="27" name="Test" time="0.188" errors="0" timestamp="2022-07-25T19:02:47 IST">
  <testcase classname="com.vedha.demooops.DemoOops" name="abstractShape" time="0.005"/>
  <testcase classname="com.vedha.demooops.DemoOops" name="displayInterface" time="0.002"/>
  <testcase classname="com.vedha.demooops.DemoOops" name="overload" time="0.002"/>
  <testcase classname="com.vedha.demooops.DemoOops" name="override" time="0.001"/>
  <testcase classname="com.vedha.demooops.DemoOops" name="studentInfo" time="0.002"/>
  <testcase classname="com.vedha.demooops.DemoOops" name="demoInheritance" time="0.002"/>
  <testcase classname="com.vedha.demooops.DemoOops" name="multi" time="0.002"/>
  <testcase classname="com.vedha.demooops.DemoOops" name="heirarcy" time="0.003"/>
  <testcase classname="com.vedha.demotestng.Car" name="WebLoginHomeLoan" time="0.001"/>
  <testcase classname="com.vedha.demotestng.Car" name="MobileLoginHomeLoan" time="0.002"/>
  <testcase classname="com.vedha.demotestng.Car" name="LoginApiHomeLoan" time="0.001"/>
  <testcase classname="com.vedha.test.NewTest" name="f" time="0.002"/>
  <testcase classname="com.vedha.test.NewTest" name="f" time="0.001"/>
  <testcase classname="com.vedha.demotestng.Day1" name="day2" time="0.002"/>
  <testcase classname="com.vedha.demotestng.Day1" name="day1" time="0.001"/>
  <testcase classname="com.vedha.demotestng.BeforeMeth" name="diff" time="0.001"/>
  <testcase classname="com.vedha.demotestng.BeforeMeth" name="sum" time="0.001"/>
  <testcase classname="com.vedha.demotestng.SoftwareCompany" name="capGemini" time="0.001"/>
  <testcase classname="com.vedha.demotestng.SoftwareCompany" name="revueSoft" time="0.002"/>
  <testcase classname="com.vedha.demotestng.SoftwareCompany" name="wipro" time="0.001"/>
  <testcase classname="com.vedha.demotestng.Department" name="developer" time="0.002"/>
  <testcase classname="com.vedha.demotestng.Department" name="hr" time="0.001"/>
  <testcase classname="com.vedha.demotestng.Department" name="manager" time="0.001"/>
  <testcase classname="com.vedha.demotestng.Department" name="testEngineer" time="0.001"/>
  <testcase classname="com.vedha.demotestng.Groups" name="test1" time="0.001"/>
  <testcase classname="com.vedha.demotestng.Groups" name="test2" time="0.002"/>
  <testcase classname="com.vedha.demotestng.Groups" name="test3" time="0.001"/>
  <testcase classname="com.vedha.demotestng.Shape" name="rectangle" time="0.0">
    <ignored/>
  </testcase> <!-- rectangle -->
</testsuite> <!-- Test -->
