<?xml version="1.0" encoding="UTF-8"?>
<!-- Generated by org.testng.reporters.JUnitXMLReporter -->
<testsuite ignored="1" hostname="Ashwini" failures="0" tests="2" name="car loan" time="0.013" errors="0" timestamp="2022-07-23T13:17:26 IST">
  <testcase classname="com.vedha.demotestng.Car" name="MobileLoginHomeLoan" time="0.001"/>
  <testcase classname="com.vedha.demotestng.Car" name="LoginApiHomeLoan" time="0.001"/>
  <testcase classname="com.vedha.demotestng.Car" name="WebLoginHomeLoan" time="0.0">
    <ignored/>
  </testcase> <!-- WebLoginHomeLoan -->
</testsuite> <!-- car loan -->
