<?xml version="1.0" encoding="UTF-8"?>
<!-- Generated by org.testng.reporters.JUnitXMLReporter -->
<testsuite ignored="0" hostname="Ashwini" failures="0" tests="4" name="Department" time="0.023" errors="0" timestamp="2022-07-23T13:17:26 IST">
  <testcase classname="com.vedha.demotestng.Department" name="developer" time="0.002"/>
  <testcase classname="com.vedha.demotestng.Department" name="hr" time="0.002"/>
  <testcase classname="com.vedha.demotestng.Department" name="manager" time="0.002"/>
  <testcase classname="com.vedha.demotestng.Department" name="testEngineer" time="0.002"/>
</testsuite> <!-- Department -->
