<?xml version="1.0" encoding="UTF-8"?>
<!-- Generated by org.testng.reporters.JUnitXMLReporter -->
<testsuite ignored="1" hostname="Ashwini" failures="0" tests="2" name="SoftwareCompany" time="0.015" errors="0" timestamp="2022-07-23T13:17:26 IST">
  <testcase classname="com.vedha.demotestng.SoftwareCompany" name="revueSoft" time="0.001"/>
  <testcase classname="com.vedha.demotestng.SoftwareCompany" name="wipro" time="0.001"/>
  <testcase classname="com.vedha.demotestng.SoftwareCompany" name="capGemini" time="0.0">
    <ignored/>
  </testcase> <!-- capGemini -->
</testsuite> <!-- SoftwareCompany -->
