<?xml version="1.0" encoding="UTF-8"?>
<testng-results ignored="5" total="6" passed="1" failed="0" skipped="0">
  <reporter-output>
  </reporter-output>
  <suite started-at="2022-08-03T15:19:19 IST" name="Default suite" finished-at="2022-08-03T15:19:38 IST" duration-ms="18664">
    <groups>
    </groups>
    <test started-at="2022-08-03T15:19:19 IST" name="Default test" finished-at="2022-08-03T15:19:38 IST" duration-ms="18664">
      <class name="com.vedha.seleniumprograms.BrowserLaunching">
        <test-method signature="testImplicitWait()[pri:0, instance:com.vedha.seleniumprograms.BrowserLaunching@6bd61f98]" started-at="2022-08-03T15:19:19 IST" name="testImplicitWait" finished-at="2022-08-03T15:19:38 IST" duration-ms="18628" status="PASS">
          <reporter-output>
          </reporter-output>
        </test-method> <!-- testImplicitWait -->
      </class> <!-- com.vedha.seleniumprograms.BrowserLaunching -->
    </test> <!-- Default test -->
  </suite> <!-- Default suite -->
</testng-results>
